# JRE version: Java(TM) SE Runtime Environment (8.0_211-b12) (build 1.8.0_211-b12)
# Java VM: Java HotSpot(TM) 64-Bit Server VM (25.211-b12 mixed mode windows-amd64 compressed oops)
Heap:
 PSYoungGen      total 13312K, used 9916K [0x0000000782d80000, 0x0000000784200000, 0x00000007c0000000)
  eden space 9728K, 67% used [0x0000000782d80000,0x00000007833eaf10,0x0000000783700000)
  from space 3584K, 93% used [0x0000000783700000,0x0000000783a444c8,0x0000000783a80000)
  to   space 4096K, 0% used [0x0000000783e00000,0x0000000783e00000,0x0000000784200000)
 ParOldGen       total 9728K, used 5420K [0x0000000708800000, 0x0000000709180000, 0x0000000782d80000)
  object space 9728K, 55% used [0x0000000708800000,0x0000000708d4b3f8,0x0000000709180000)
 Metaspace       used 8220K, capacity 8980K, committed 9216K, reserved 1056768K
  class space    used 948K, capacity 976K, committed 1024K, reserved 1048576K
GC Heap History (10 events):
Event: 0.964 GC heap before
{Heap before GC invocations=6 (full 0):
 PSYoungGen      total 3584K, used 3561K [0x0000000782d80000, 0x0000000783580000, 0x00000007c0000000)
  eden space 3072K, 99% used [0x0000000782d80000,0x000000078307e5a8,0x0000000783080000)
  from space 512K, 96% used [0x0000000783080000,0x00000007830fc020,0x0000000783100000)
  to   space 1024K, 0% used [0x0000000783480000,0x0000000783480000,0x0000000783580000)
 ParOldGen       total 5632K, used 904K [0x0000000708800000, 0x0000000708d80000, 0x0000000782d80000)
  object space 5632K, 16% used [0x0000000708800000,0x00000007088e2070,0x0000000708d80000)
 Metaspace       used 7188K, capacity 8148K, committed 8448K, reserved 1056768K
  class space    used 878K, capacity 912K, committed 1024K, reserved 1048576K
Event: 0.975 GC heap after
Heap after GC invocations=6 (full 0):
 PSYoungGen      total 6656K, used 1001K [0x0000000782d80000, 0x0000000783680000, 0x00000007c0000000)
  eden space 5632K, 0% used [0x0000000782d80000,0x0000000782d80000,0x0000000783300000)
  from space 1024K, 97% used [0x0000000783480000,0x000000078357a4b8,0x0000000783580000)
  to   space 1536K, 0% used [0x0000000783300000,0x0000000783300000,0x0000000783480000)
 ParOldGen       total 5632K, used 904K [0x0000000708800000, 0x0000000708d80000, 0x0000000782d80000)
  object space 5632K, 16% used [0x0000000708800000,0x00000007088e2070,0x0000000708d80000)
 Metaspace       used 7188K, capacity 8148K, committed 8448K, reserved 1056768K
  class space    used 878K, capacity 912K, committed 1024K, reserved 1048576K
}
Event: 1.316 GC heap before
{Heap before GC invocations=7 (full 0):
 PSYoungGen      total 6656K, used 6633K [0x0000000782d80000, 0x0000000783680000, 0x00000007c0000000)
  eden space 5632K, 100% used [0x0000000782d80000,0x0000000783300000,0x0000000783300000)
  from space 1024K, 97% used [0x0000000783480000,0x000000078357a4b8,0x0000000783580000)
  to   space 1536K, 0% used [0x0000000783300000,0x0000000783300000,0x0000000783480000)
 ParOldGen       total 5632K, used 904K [0x0000000708800000, 0x0000000708d80000, 0x0000000782d80000)
  object space 5632K, 16% used [0x0000000708800000,0x00000007088e2070,0x0000000708d80000)
 Metaspace       used 7312K, capacity 8276K, committed 8448K, reserved 1056768K
  class space    used 879K, capacity 912K, committed 1024K, reserved 1048576K
Event: 1.342 GC heap after
Heap after GC invocations=7 (full 0):
 PSYoungGen      total 7168K, used 1521K [0x0000000782d80000, 0x0000000783c80000, 0x00000007c0000000)
  eden space 5632K, 0% used [0x0000000782d80000,0x0000000782d80000,0x0000000783300000)
  from space 1536K, 99% used [0x0000000783300000,0x000000078347c5e0,0x0000000783480000)
  to   space 2048K, 0% used [0x0000000783a80000,0x0000000783a80000,0x0000000783c80000)
 ParOldGen       total 5632K, used 2076K [0x0000000708800000, 0x0000000708d80000, 0x0000000782d80000)
  object space 5632K, 36% used [0x0000000708800000,0x0000000708a07270,0x0000000708d80000)
 Metaspace       used 7312K, capacity 8276K, committed 8448K, reserved 1056768K
  class space    used 879K, capacity 912K, committed 1024K, reserved 1048576K
}
Event: 1.629 GC heap before
{Heap before GC invocations=8 (full 0):
 PSYoungGen      total 7168K, used 7051K [0x0000000782d80000, 0x0000000783c80000, 0x00000007c0000000)
  eden space 5632K, 98% used [0x0000000782d80000,0x00000007832e6668,0x0000000783300000)
  from space 1536K, 99% used [0x0000000783300000,0x000000078347c5e0,0x0000000783480000)
  to   space 2048K, 0% used [0x0000000783a80000,0x0000000783a80000,0x0000000783c80000)
 ParOldGen       total 5632K, used 2076K [0x0000000708800000, 0x0000000708d80000, 0x0000000782d80000)
  object space 5632K, 36% used [0x0000000708800000,0x0000000708a07270,0x0000000708d80000)
 Metaspace       used 7453K, capacity 8340K, committed 8704K, reserved 1056768K
  class space    used 888K, capacity 912K, committed 1024K, reserved 1048576K
Event: 1.638 GC heap after
Heap after GC invocations=8 (full 0):
 PSYoungGen      total 11776K, used 2030K [0x0000000782d80000, 0x0000000783f80000, 0x00000007c0000000)
  eden space 9728K, 0% used [0x0000000782d80000,0x0000000782d80000,0x0000000783700000)
  from space 2048K, 99% used [0x0000000783a80000,0x0000000783c7b800,0x0000000783c80000)
  to   space 3584K, 0% used [0x0000000783700000,0x0000000783700000,0x0000000783a80000)
 ParOldGen       total 5632K, used 4428K [0x0000000708800000, 0x0000000708d80000, 0x0000000782d80000)
  object space 5632K, 78% used [0x0000000708800000,0x0000000708c53290,0x0000000708d80000)
 Metaspace       used 7453K, capacity 8340K, committed 8704K, reserved 1056768K
  class space    used 888K, capacity 912K, committed 1024K, reserved 1048576K
}
Event: 1.638 GC heap before
{Heap before GC invocations=9 (full 1):
 PSYoungGen      total 11776K, used 2030K [0x0000000782d80000, 0x0000000783f80000, 0x00000007c0000000)
  eden space 9728K, 0% used [0x0000000782d80000,0x0000000782d80000,0x0000000783700000)
  from space 2048K, 99% used [0x0000000783a80000,0x0000000783c7b800,0x0000000783c80000)
  to   space 3584K, 0% used [0x0000000783700000,0x0000000783700000,0x0000000783a80000)
 ParOldGen       total 5632K, used 4428K [0x0000000708800000, 0x0000000708d80000, 0x0000000782d80000)
  object space 5632K, 78% used [0x0000000708800000,0x0000000708c53290,0x0000000708d80000)
 Metaspace       used 7453K, capacity 8340K, committed 8704K, reserved 1056768K
  class space    used 888K, capacity 912K, committed 1024K, reserved 1048576K
Event: 1.709 GC heap after
Heap after GC invocations=9 (full 1):
 PSYoungGen      total 11776K, used 990K [0x0000000782d80000, 0x0000000783f80000, 0x00000007c0000000)
  eden space 9728K, 0% used [0x0000000782d80000,0x0000000782d80000,0x0000000783700000)
  from space 2048K, 48% used [0x0000000783a80000,0x0000000783b77b60,0x0000000783c80000)
  to   space 3584K, 0% used [0x0000000783700000,0x0000000783700000,0x0000000783a80000)
 ParOldGen       total 9728K, used 5314K [0x0000000708800000, 0x0000000709180000, 0x0000000782d80000)
  object space 9728K, 54% used [0x0000000708800000,0x0000000708d30b68,0x0000000709180000)
 Metaspace       used 7453K, capacity 8340K, committed 8704K, reserved 1056768K
  class space    used 888K, capacity 912K, committed 1024K, reserved 1048576K
}
Event: 1.956 GC heap before
{Heap before GC invocations=10 (full 1):
 PSYoungGen      total 11776K, used 10718K [0x0000000782d80000, 0x0000000783f80000, 0x00000007c0000000)
  eden space 9728K, 100% used [0x0000000782d80000,0x0000000783700000,0x0000000783700000)
  from space 2048K, 48% used [0x0000000783a80000,0x0000000783b77b60,0x0000000783c80000)
  to   space 3584K, 0% used [0x0000000783700000,0x0000000783700000,0x0000000783a80000)
 ParOldGen       total 9728K, used 5314K [0x0000000708800000, 0x0000000709180000, 0x0000000782d80000)
  object space 9728K, 54% used [0x0000000708800000,0x0000000708d30b68,0x0000000709180000)
 Metaspace       used 7640K, capacity 8500K, committed 8704K, reserved 1056768K
  class space    used 901K, capacity 944K, committed 1024K, reserved 1048576K
Event: 1.964 GC heap after
Heap after GC invocations=10 (full 1):
 PSYoungGen      total 13312K, used 3345K [0x0000000782d80000, 0x0000000784200000, 0x00000007c0000000)
  eden space 9728K, 0% used [0x0000000782d80000,0x0000000782d80000,0x0000000783700000)
  from space 3584K, 93% used [0x0000000783700000,0x0000000783a444c8,0x0000000783a80000)
  to   space 4096K, 0% used [0x0000000783e00000,0x0000000783e00000,0x0000000784200000)
 ParOldGen       total 9728K, used 5420K [0x0000000708800000, 0x0000000709180000, 0x0000000782d80000)
  object space 9728K, 55% used [0x0000000708800000,0x0000000708d4b3f8,0x0000000709180000)
 Metaspace       used 7640K, capacity 8500K, committed 8704K, reserved 1056768K
  class space    used 901K, capacity 944K, committed 1024K, reserved 1048576K
}

