# JRE version: Java(TM) SE Runtime Environment (8.0_211-b12) (build 1.8.0_211-b12)
# Java VM: Java HotSpot(TM) 64-Bit Server VM (25.211-b12 mixed mode windows-amd64 compressed oops)
Heap:
 PSYoungGen      total 6656K, used 2594K [0x0000000782d80000, 0x0000000783480000, 0x00000007c0000000)
  eden space 6144K, 34% used [0x0000000782d80000,0x0000000782f90978,0x0000000783380000)
  from space 512K, 93% used [0x0000000783400000,0x0000000783478010,0x0000000783480000)
  to   space 512K, 0% used [0x0000000783380000,0x0000000783380000,0x0000000783400000)
 ParOldGen       total 5632K, used 913K [0x0000000708800000, 0x0000000708d80000, 0x0000000782d80000)
  object space 5632K, 16% used [0x0000000708800000,0x00000007088e4550,0x0000000708d80000)
 Metaspace       used 7087K, capacity 8052K, committed 8320K, reserved 1056768K
  class space    used 872K, capacity 880K, committed 896K, reserved 1048576K
GC Heap History (8 events):
Event: 0.270 GC heap before
{Heap before GC invocations=1 (full 0):
 PSYoungGen      total 2048K, used 1518K [0x0000000782d80000, 0x0000000783000000, 0x00000007c0000000)
  eden space 1536K, 98% used [0x0000000782d80000,0x0000000782efb850,0x0000000782f00000)
  from space 512K, 0% used [0x0000000782f80000,0x0000000782f80000,0x0000000783000000)
  to   space 512K, 0% used [0x0000000782f00000,0x0000000782f00000,0x0000000782f80000)
 ParOldGen       total 5632K, used 0K [0x0000000708800000, 0x0000000708d80000, 0x0000000782d80000)
  object space 5632K, 0% used [0x0000000708800000,0x0000000708800000,0x0000000708d80000)
 Metaspace       used 3233K, capacity 4812K, committed 5120K, reserved 1056768K
  class space    used 375K, capacity 456K, committed 512K, reserved 1048576K
Event: 0.273 GC heap after
Heap after GC invocations=1 (full 0):
 PSYoungGen      total 2048K, used 511K [0x0000000782d80000, 0x0000000783180000, 0x00000007c0000000)
  eden space 1536K, 0% used [0x0000000782d80000,0x0000000782d80000,0x0000000782f00000)
  from space 512K, 99% used [0x0000000782f00000,0x0000000782f7fc30,0x0000000782f80000)
  to   space 512K, 0% used [0x0000000783100000,0x0000000783100000,0x0000000783180000)
 ParOldGen       total 5632K, used 24K [0x0000000708800000, 0x0000000708d80000, 0x0000000782d80000)
  object space 5632K, 0% used [0x0000000708800000,0x0000000708806000,0x0000000708d80000)
 Metaspace       used 3233K, capacity 4812K, committed 5120K, reserved 1056768K
  class space    used 375K, capacity 456K, committed 512K, reserved 1048576K
}
Event: 0.362 GC heap before
{Heap before GC invocations=2 (full 0):
 PSYoungGen      total 2048K, used 2007K [0x0000000782d80000, 0x0000000783180000, 0x00000007c0000000)
  eden space 1536K, 97% used [0x0000000782d80000,0x0000000782ef60a8,0x0000000782f00000)
  from space 512K, 99% used [0x0000000782f00000,0x0000000782f7fc30,0x0000000782f80000)
  to   space 512K, 0% used [0x0000000783100000,0x0000000783100000,0x0000000783180000)
 ParOldGen       total 5632K, used 24K [0x0000000708800000, 0x0000000708d80000, 0x0000000782d80000)
  object space 5632K, 0% used [0x0000000708800000,0x0000000708806000,0x0000000708d80000)
 Metaspace       used 3998K, capacity 5388K, committed 5760K, reserved 1056768K
  class space    used 475K, capacity 520K, committed 640K, reserved 1048576K
Event: 0.364 GC heap after
Heap after GC invocations=2 (full 0):
 PSYoungGen      total 3584K, used 496K [0x0000000782d80000, 0x0000000783180000, 0x00000007c0000000)
  eden space 3072K, 0% used [0x0000000782d80000,0x0000000782d80000,0x0000000783080000)
  from space 512K, 96% used [0x0000000783100000,0x000000078317c030,0x0000000783180000)
  to   space 512K, 0% used [0x0000000783080000,0x0000000783080000,0x0000000783100000)
 ParOldGen       total 5632K, used 72K [0x0000000708800000, 0x0000000708d80000, 0x0000000782d80000)
  object space 5632K, 1% used [0x0000000708800000,0x0000000708812000,0x0000000708d80000)
 Metaspace       used 3998K, capacity 5388K, committed 5760K, reserved 1056768K
  class space    used 475K, capacity 520K, committed 640K, reserved 1048576K
}
Event: 0.579 GC heap before
{Heap before GC invocations=3 (full 0):
 PSYoungGen      total 3584K, used 3505K [0x0000000782d80000, 0x0000000783180000, 0x00000007c0000000)
  eden space 3072K, 97% used [0x0000000782d80000,0x0000000783070648,0x0000000783080000)
  from space 512K, 96% used [0x0000000783100000,0x000000078317c030,0x0000000783180000)
  to   space 512K, 0% used [0x0000000783080000,0x0000000783080000,0x0000000783100000)
 ParOldGen       total 5632K, used 72K [0x0000000708800000, 0x0000000708d80000, 0x0000000782d80000)
  object space 5632K, 1% used [0x0000000708800000,0x0000000708812000,0x0000000708d80000)
 Metaspace       used 4947K, capacity 6284K, committed 6656K, reserved 1056768K
  class space    used 606K, capacity 648K, committed 768K, reserved 1048576K
Event: 0.582 GC heap after
Heap after GC invocations=3 (full 0):
 PSYoungGen      total 3584K, used 511K [0x0000000782d80000, 0x0000000783480000, 0x00000007c0000000)
  eden space 3072K, 0% used [0x0000000782d80000,0x0000000782d80000,0x0000000783080000)
  from space 512K, 99% used [0x0000000783080000,0x00000007830ffc20,0x0000000783100000)
  to   space 512K, 0% used [0x0000000783400000,0x0000000783400000,0x0000000783480000)
 ParOldGen       total 5632K, used 560K [0x0000000708800000, 0x0000000708d80000, 0x0000000782d80000)
  object space 5632K, 9% used [0x0000000708800000,0x000000070888c040,0x0000000708d80000)
 Metaspace       used 4947K, capacity 6284K, committed 6656K, reserved 1056768K
  class space    used 606K, capacity 648K, committed 768K, reserved 1048576K
}
Event: 0.830 GC heap before
{Heap before GC invocations=4 (full 0):
 PSYoungGen      total 3584K, used 3583K [0x0000000782d80000, 0x0000000783480000, 0x00000007c0000000)
  eden space 3072K, 100% used [0x0000000782d80000,0x0000000783080000,0x0000000783080000)
  from space 512K, 99% used [0x0000000783080000,0x00000007830ffc20,0x0000000783100000)
  to   space 512K, 0% used [0x0000000783400000,0x0000000783400000,0x0000000783480000)
 ParOldGen       total 5632K, used 560K [0x0000000708800000, 0x0000000708d80000, 0x0000000782d80000)
  object space 5632K, 9% used [0x0000000708800000,0x000000070888c040,0x0000000708d80000)
 Metaspace       used 6036K, capacity 7244K, committed 7552K, reserved 1056768K
  class space    used 757K, capacity 776K, committed 896K, reserved 1048576K
Event: 0.832 GC heap after
Heap after GC invocations=4 (full 0):
 PSYoungGen      total 6656K, used 480K [0x0000000782d80000, 0x0000000783480000, 0x00000007c0000000)
  eden space 6144K, 0% used [0x0000000782d80000,0x0000000782d80000,0x0000000783380000)
  from space 512K, 93% used [0x0000000783400000,0x0000000783478010,0x0000000783480000)
  to   space 512K, 0% used [0x0000000783380000,0x0000000783380000,0x0000000783400000)
 ParOldGen       total 5632K, used 913K [0x0000000708800000, 0x0000000708d80000, 0x0000000782d80000)
  object space 5632K, 16% used [0x0000000708800000,0x00000007088e4550,0x0000000708d80000)
 Metaspace       used 6036K, capacity 7244K, committed 7552K, reserved 1056768K
  class space    used 757K, capacity 776K, committed 896K, reserved 1048576K
}

